<?xml version="1.0" encoding="UTF-8"?>
<!-- Generated by org.testng.reporters.JUnitXMLReporter -->
<testsuite hostname="DESKTOP-J3B0T30" name="Broken Links Verification" tests="3" failures="0" timestamp="16 May 2017 11:56:29 GMT" time="0.012" errors="0">
  <testcase name="@BeforeSuite init" time="0.0" classname="testcases.VerifyBrokenLinks">
    <failure type="org.openqa.selenium.InvalidArgumentException" message="Missing &amp;apos;type&amp;apos; parameter
Build info: version: &amp;apos;unknown&amp;apos;, revision: &amp;apos;unknown&amp;apos;, time: &amp;apos;unknown&amp;apos;
System info: host: &amp;apos;DESKTOP-J3B0T30&amp;apos;, ip: &amp;apos;192.168.56.1&amp;apos;, os.name: &amp;apos;Windows 10&amp;apos;, os.arch: &amp;apos;amd64&amp;apos;, os.version: &amp;apos;10.0&amp;apos;, java.version: &amp;apos;1.8.0_91&amp;apos;
Driver info: org.openqa.selenium.firefox.FirefoxDriver
Capabilities [{moz:profile=C:\Users\GSDEVG~1.DES\AppData\Local\Temp\rust_mozprofile.phX60WBjQoFH, rotatable=false, timeouts={implicit=0.0, pageLoad=300000.0, script=30000.0}, pageLoadStrategy=normal, platform=ANY, specificationLevel=0.0, moz:accessibilityChecks=false, acceptInsecureCerts=false, browserVersion=53.0, platformVersion=10.0, moz:processID=13844.0, browserName=firefox, javascriptEnabled=true, platformName=windows_nt}]
Session ID: ccc7fbb8-bdf1-4e63-83c0-28e1ccbc14e0">
      <![CDATA[org.openqa.selenium.InvalidArgumentException: Missing 'type' parameter
Build info: version: 'unknown', revision: 'unknown', time: 'unknown'
System info: host: 'DESKTOP-J3B0T30', ip: '192.168.56.1', os.name: 'Windows 10', os.arch: 'amd64', os.version: '10.0', java.version: '1.8.0_91'
Driver info: org.openqa.selenium.firefox.FirefoxDriver
Capabilities [{moz:profile=C:\Users\GSDEVG~1.DES\AppData\Local\Temp\rust_mozprofile.phX60WBjQoFH, rotatable=false, timeouts={implicit=0.0, pageLoad=300000.0, script=30000.0}, pageLoadStrategy=normal, platform=ANY, specificationLevel=0.0, moz:accessibilityChecks=false, acceptInsecureCerts=false, browserVersion=53.0, platformVersion=10.0, moz:processID=13844.0, browserName=firefox, javascriptEnabled=true, platformName=windows_nt}]
Session ID: ccc7fbb8-bdf1-4e63-83c0-28e1ccbc14e0
	at org.openqa.selenium.remote.http.W3CHttpResponseCodec.createException(W3CHttpResponseCodec.java:150)
	at org.openqa.selenium.remote.http.W3CHttpResponseCodec.decode(W3CHttpResponseCodec.java:115)
	at org.openqa.selenium.remote.http.W3CHttpResponseCodec.decode(W3CHttpResponseCodec.java:45)
	at org.openqa.selenium.remote.HttpCommandExecutor.execute(HttpCommandExecutor.java:164)
	at org.openqa.selenium.remote.service.DriverCommandExecutor.execute(DriverCommandExecutor.java:82)
	at org.openqa.selenium.remote.RemoteWebDriver.execute(RemoteWebDriver.java:637)
	at org.openqa.selenium.remote.RemoteWebDriver$RemoteWebDriverOptions$RemoteTimeouts.implicitlyWait(RemoteWebDriver.java:868)
	at core.TestCore.init(TestCore.java:41)
... Removed 23 stack frames]]>
    </failure>
  </testcase> <!-- @BeforeSuite init -->
  <testcase name="@BeforeTest checkRunMode" time="0.0" classname="testcases.VerifyBrokenLinks">
    <skipped/>
  </testcase> <!-- @BeforeTest checkRunMode -->
  <testcase name="verifyBrokenLinks" time="0.0" classname="testcases.VerifyBrokenLinks">
    <skipped/>
  </testcase> <!-- verifyBrokenLinks -->
  <testcase name="verifyBrokenLinks" time="0.0" classname="testcases.VerifyBrokenLinks">
    <skipped/>
  </testcase> <!-- verifyBrokenLinks -->
  <testcase name="verifyBrokenLinks" time="0.0" classname="testcases.VerifyBrokenLinks">
    <skipped/>
  </testcase> <!-- verifyBrokenLinks -->
</testsuite> <!-- Broken Links Verification -->
